#
# There is insufficient memory for the Java Runtime Environment to continue.
# Native memory allocation (malloc) failed to allocate 1048576 bytes for AllocateHeap
# Possible reasons:
#   The system is out of physical RAM or swap space
#   In 32 bit mode, the process size limit was hit
# Possible solutions:
#   Reduce memory load on the system
#   Increase physical memory or swap space
#   Check if swap backing store is full
#   Use 64 bit Java on a 64 bit OS
#   Decrease Java heap size (-Xmx/-Xms)
#   Decrease number of Java threads
#   Decrease Java thread stack sizes (-Xss)
#   Set larger code cache with -XX:ReservedCodeCacheSize=
# This output file may be truncated or incomplete.
#
#  Out of Memory Error (memory/allocation.inline.hpp:61), pid=8760, tid=9520
#
# JRE version:  (8.0_91-b15) (build )
# Java VM: Java HotSpot(TM) 64-Bit Server VM (25.91-b15 mixed mode windows-amd64 compressed oops)
# Failed to write core dump. Minidumps are not enabled by default on client versions of Windows
#

---------------  T H R E A D  ---------------

Current thread (0x0000000002bcd800):  JavaThread "Unknown thread" [_thread_in_vm, id=9520, stack(0x0000000002bd0000,0x0000000002cd0000)]

Stack: [0x0000000002bd0000,0x0000000002cd0000]
[error occurred during error reporting (printing stack bounds), id 0xc0000005]

Native frames: (J=compiled Java code, j=interpreted, Vv=VM code, C=native code)


---------------  P R O C E S S  ---------------

Java Threads: ( => current thread )

Other Threads:

=>0x0000000002bcd800 (exited) JavaThread "Unknown thread" [_thread_in_vm, id=9520, stack(0x0000000002bd0000,0x0000000002cd0000)]

VM state:not at safepoint (normal execution)

VM Mutex/Monitor currently owned by a thread: None

Heap:
 PSYoungGen      total 38400K, used 665K [0x00000000d5d00000, 0x00000000d8780000, 0x0000000100000000)
  eden space 33280K, 2% used [0x00000000d5d00000,0x00000000d5da6670,0x00000000d7d80000)
  from space 5120K, 0% used [0x00000000d8280000,0x00000000d8280000,0x00000000d8780000)
  to   space 5120K, 0% used [0x00000000d7d80000,0x00000000d7d80000,0x00000000d8280000)
 ParOldGen       total 87552K, used 0K [0x0000000081600000, 0x0000000086b80000, 0x00000000d5d00000)
  object space 87552K, 0% used [0x0000000081600000,0x0000000081600000,0x0000000086b80000)
 Metaspace       used 780K, capacity 4480K, committed 4480K, reserved 1056768K
  class space    used 75K, capacity 384K, committed 384K, reserved 1048576K

Card table byte_map: [0x0000000012190000,0x0000000012590000] byte_map_base: 0x0000000011d85000

Marking Bits: (ParMarkBitMap*) 0x000000005c8b2f70
 Begin Bits: [0x0000000012c40000, 0x0000000014be8000)
 End Bits:   [0x0000000014be8000, 0x0000000016b90000)

Polling page: 0x0000000000f50000

CodeCache: size=245760Kb used=328Kb max_used=328Kb free=245431Kb
 bounds [0x0000000002dd0000, 0x0000000003040000, 0x0000000011dd0000]
 total_blobs=58 nmethods=0 adapters=38
 compilation: enabled

Compilation events (0 events):
No events

GC Heap History (0 events):
No events

Deoptimization events (0 events):
No events

Internal exceptions (0 events):
No events

Events (10 events):
Event: 0.049 loading class java/lang/Short
Event: 0.049 loading class java/lang/Short done
Event: 0.049 loading class java/lang/Integer
Event: 0.049 loading class java/lang/Integer done
Event: 0.049 loading class java/lang/Long
Event: 0.049 loading class java/lang/Long done
Event: 0.050 loading class java/lang/NullPointerException
Event: 0.050 loading class java/lang/NullPointerException done
Event: 0.050 loading class java/lang/ArithmeticException
Event: 0.050 loading class java/lang/ArithmeticException done


Dynamic libraries:
0x00007ff685ea0000 - 0x00007ff685ed7000 	D:\Java\jdk1.8.0_91\bin\javaw.exe
0x00007ffea1520000 - 0x00007ffea16e1000 	C:\WINDOWS\SYSTEM32\ntdll.dll
0x00007ffe9ee30000 - 0x00007ffe9eedd000 	C:\WINDOWS\system32\KERNEL32.DLL
0x00007ffe9e220000 - 0x00007ffe9e408000 	C:\WINDOWS\system32\KERNELBASE.dll
0x00007ffe9f140000 - 0x00007ffe9f1e7000 	C:\WINDOWS\system32\ADVAPI32.dll
0x00007ffe9fc90000 - 0x00007ffe9fd2d000 	C:\WINDOWS\system32\msvcrt.dll
0x00007ffe9ed30000 - 0x00007ffe9ed8b000 	C:\WINDOWS\system32\sechost.dll
0x00007ffe9f1f0000 - 0x00007ffe9f30c000 	C:\WINDOWS\system32\RPCRT4.dll
0x00007ffe9f740000 - 0x00007ffe9f896000 	C:\WINDOWS\system32\USER32.dll
0x00007ffe9eba0000 - 0x00007ffe9ed26000 	C:\WINDOWS\system32\GDI32.dll
0x00007ffe8e3b0000 - 0x00007ffe8e624000 	C:\WINDOWS\WinSxS\amd64_microsoft.windows.common-controls_6595b64144ccf1df_6.0.10586.494_none_a2d8b04ea53e3145\COMCTL32.dll
0x00007ffe9e920000 - 0x00007ffe9eb9d000 	C:\WINDOWS\system32\combase.dll
0x00007ffe9e630000 - 0x00007ffe9e69a000 	C:\WINDOWS\system32\bcryptPrimitives.dll
0x00007ffe9ed90000 - 0x00007ffe9edcb000 	C:\WINDOWS\system32\IMM32.DLL
0x000000005cdb0000 - 0x000000005ce82000 	D:\Java\jdk1.8.0_91\jre\bin\msvcr100.dll
0x000000005c0a0000 - 0x000000005c933000 	D:\Java\jdk1.8.0_91\jre\bin\server\jvm.dll
0x00007ffe9fc80000 - 0x00007ffe9fc88000 	C:\WINDOWS\system32\PSAPI.DLL
0x00007ffe9c350000 - 0x00007ffe9c359000 	C:\WINDOWS\SYSTEM32\WSOCK32.dll
0x00007ffe9ff40000 - 0x00007ffe9ffab000 	C:\WINDOWS\system32\WS2_32.dll
0x00007ffe9c2d0000 - 0x00007ffe9c2f3000 	C:\WINDOWS\SYSTEM32\WINMM.dll
0x00007ffe91c00000 - 0x00007ffe91c0a000 	C:\WINDOWS\SYSTEM32\VERSION.dll
0x00007ffe9c230000 - 0x00007ffe9c25c000 	C:\WINDOWS\SYSTEM32\WINMMBASE.dll
0x00007ffe9e470000 - 0x00007ffe9e4b3000 	C:\WINDOWS\system32\cfgmgr32.dll
0x000000005bfb0000 - 0x000000005bfbf000 	D:\Java\jdk1.8.0_91\jre\bin\verify.dll
0x000000005bf80000 - 0x000000005bfa9000 	D:\Java\jdk1.8.0_91\jre\bin\java.dll
0x000000005cd70000 - 0x000000005cda5000 	D:\Java\jdk1.8.0_91\jre\bin\jdwp.dll
0x000000005cd60000 - 0x000000005cd68000 	D:\Java\jdk1.8.0_91\jre\bin\npt.dll
0x000000005bf60000 - 0x000000005bf76000 	D:\Java\jdk1.8.0_91\jre\bin\zip.dll

VM Arguments:
jvm_args: -agentlib:jdwp=transport=dt_socket,suspend=y,address=localhost:50342 -Dfile.encoding=GBK 
java_command: tetris.Main
java_class_path (initial): D:\Java\workspace\Tetris\bin
Launcher Type: SUN_STANDARD

Environment Variables:
JAVA_HOME=D:\Java\jdk1.8.0_91
CLASSPATH=.;D:\Java\jdk1.8.0_91\lib\dt.jar;D:\Java\jdk1.8.0_91\lib\tools.jar;D:\Java\workspace
PATH=D:/Java/jdk1.8.0_91/bin/../jre/bin/server;D:/Java/jdk1.8.0_91/bin/../jre/bin;D:/Java/jdk1.8.0_91/bin/../jre/lib/amd64;C:\Program Files (x86)\Intel\iCLS Client\;C:\Program Files\Intel\iCLS Client\;C:\WINDOWS\system32;C:\WINDOWS;C:\WINDOWS\System32\Wbem;C:\WINDOWS\System32\WindowsPowerShell\v1.0\;C:\Program Files\Intel\Intel(R) Management Engine Components\DAL;C:\Program Files (x86)\Intel\Intel(R) Management Engine Components\DAL;C:\Program Files\Intel\Intel(R) Management Engine Components\IPT;C:\Program Files (x86)\Intel\Intel(R) Management Engine Components\IPT;C:\Program Files\Intel\WiFi\bin\;C:\Program Files\Common Files\Intel\WirelessCommon\;C:\Program Files (x86)\Lenovo\Lenovo Home\;D:\Qt5.4.0\5.4\mingw491_32\bin;C:\Users\XZY\Desktop\Èí¼þ°ü\ue_chinese03;C:\Program Files\IDM Computer Solutions\UltraCompare\;.;D:\Java\jdk1.8.0_91\bin;D:\Java\jdk1.8.0_91\jre\bin;D:\Android\sdk\platform-tools;D:\VC++ 6.0\Tools\WinNT;D:\VC++ 6.0\MSDev98\Bin;D:\VC++ 6.0\Tools;D:\VC98\bin;D:\eclipse-jee-mars-1-win32-x86_64\eclipse;
USERNAME=XZY
OS=Windows_NT
PROCESSOR_IDENTIFIER=Intel64 Family 6 Model 61 Stepping 4, GenuineIntel



---------------  S Y S T E M  ---------------

OS: Windows 10.0 , 64 bit Build 10586 (10.0.10586.0)

CPU:total 4 (2 cores per cpu, 2 threads per core) family 6 model 61 stepping 4, cmov, cx8, fxsr, mmx, sse, sse2, sse3, ssse3, sse4.1, sse4.2, popcnt, avx, avx2, aes, clmul, erms, 3dnowpref, lzcnt, ht, tsc, tscinvbit, bmi1, bmi2, adx

Memory: 4k page, physical 8292268k(1614836k free), swap 10778540k(5576k free)

vm_info: Java HotSpot(TM) 64-Bit Server VM (25.91-b15) for windows-amd64 JRE (1.8.0_91-b15), built on May 20 2016 17:43:15 by "java_re" with MS VC++ 10.0 (VS2010)

time: Mon Aug 22 16:35:45 2016
elapsed time: 0 seconds (0d 0h 0m 0s)

